<?xml version="1.0" encoding="UTF-8"?>
<!-- Generated by org.testng.reporters.JUnitReportReporter -->
<testsuite hostname="LAPTOP-AJK53DAC" failures="0" tests="2" name="TestNG.TestNG.TestCase2" time="0.005" errors="0" timestamp="2024-02-09T16:55:26 IST" skipped="0">
  <testcase classname="TestNG.TestNG.TestCase2" name="test3" time="0.004"/>
  <system-out/>
  <testcase classname="TestNG.TestNG.TestCase2" name="test4" time="0.001"/>
  <system-out/>
</testsuite> <!-- TestNG.TestNG.TestCase2 -->
