<?xml version="1.0" encoding="UTF-8"?>
<!-- Generated by org.testng.reporters.JUnitReportReporter -->
<testsuite hostname="LAPTOP-AJK53DAC" failures="0" tests="4" name="TestNG.TestNG.DataProviderWithExcel" time="29.872" errors="0" timestamp="2024-02-22T16:05:28 IST" skipped="0">
  <testcase classname="TestNG.TestNG.DataProviderWithExcel" name="searchKeyword" time="8.814"/>
  <system-out/>
  <testcase classname="TestNG.TestNG.DataProviderWithExcel" name="searchKeyword" time="7.291"/>
  <system-out/>
  <testcase classname="TestNG.TestNG.DataProviderWithExcel" name="searchKeyword" time="6.285"/>
  <system-out/>
  <testcase classname="TestNG.TestNG.DataProviderWithExcel" name="searchKeyword" time="7.482"/>
  <system-out/>
</testsuite> <!-- TestNG.TestNG.DataProviderWithExcel -->
