<?xml version="1.0" encoding="UTF-8"?>
<!-- Generated by org.testng.reporters.JUnitReportReporter -->
<testsuite hostname="LAPTOP-AJK53DAC" failures="0" tests="3" name="BatchTesting.ProductPageTest" time="0.005" errors="0" timestamp="2024-02-16T16:48:55 IST" skipped="0">
  <testcase classname="BatchTesting.ProductPageTest" name="AddProductToWishList" time="0.002"/>
  <system-out/>
  <testcase classname="BatchTesting.ProductPageTest" name="SelectQauntity" time="0.002"/>
  <system-out/>
  <testcase classname="BatchTesting.ProductPageTest" name="AddProductTocart" time="0.001"/>
  <system-out/>
</testsuite> <!-- BatchTesting.ProductPageTest -->
