<?xml version="1.0" encoding="UTF-8"?>
<!-- Generated by org.testng.reporters.JUnitReportReporter -->
<testsuite hostname="LAPTOP-AJK53DAC" failures="0" tests="4" name="TestNGReportsDemo.TestNGReportsExampl" time="0.011" errors="0" timestamp="2024-02-22T23:27:04 IST" skipped="0">
  <testcase classname="TestNGReportsDemo.TestNGReportsExampl" name="testMethod3" time="0.007"/>
  <system-out>
    <![CDATA[This is test method3]]>
  </system-out>
  <testcase classname="TestNGReportsDemo.TestNGReportsExampl" name="testMethod1" time="0.001"/>
  <system-out>
    <![CDATA[This is test method1]]>
  </system-out>
  <testcase classname="TestNGReportsDemo.TestNGReportsExampl" name="testMethod4" time="0.001"/>
  <system-out>
    <![CDATA[This is test method4]]>
  </system-out>
  <testcase classname="TestNGReportsDemo.TestNGReportsExampl" name="testMethod2" time="0.002"/>
  <system-out>
    <![CDATA[This is test method2]]>
  </system-out>
</testsuite> <!-- TestNGReportsDemo.TestNGReportsExampl -->
