<?xml version="1.0" encoding="UTF-8"?>
<!-- Generated by org.testng.reporters.JUnitReportReporter -->
<testsuite hostname="LAPTOP-AJK53DAC" failures="0" tests="2" name="TestNG.TestNG.TestNg_Example" time="0.010" errors="0" timestamp="2024-02-12T22:35:40 IST" skipped="0">
  <testcase classname="TestNG.TestNG.TestNg_Example" name="test1" time="0.009"/>
  <system-out/>
  <testcase classname="TestNG.TestNG.TestNg_Example" name="test2" time="0.001"/>
  <system-out/>
</testsuite> <!-- TestNG.TestNG.TestNg_Example -->
