<?xml version="1.0" encoding="UTF-8"?>
<!-- Generated by org.testng.reporters.JUnitReportReporter -->
<testsuite hostname="LAPTOP-AJK53DAC" failures="0" tests="2" name="TestNG.TestNG.Parallel_Test_Demo" time="18.200" errors="0" timestamp="2024-02-10T00:13:03 IST" skipped="0">
  <testcase classname="TestNG.TestNG.Parallel_Test_Demo" name="verifyLogo" time="9.138"/>
  <system-out/>
  <testcase classname="TestNG.TestNG.Parallel_Test_Demo" name="verifyTitle" time="9.062"/>
  <system-out/>
</testsuite> <!-- TestNG.TestNG.Parallel_Test_Demo -->
