<?xml version="1.0" encoding="UTF-8"?>
<!-- Generated by org.testng.reporters.JUnitReportReporter -->
<testsuite hostname="LAPTOP-AJK53DAC" failures="0" tests="3" name="TestNG.TestNG.AnnotationsAttributes" time="0.010" errors="0" timestamp="2024-02-09T19:06:43 IST" skipped="1">
  <testcase classname="TestNG.TestNG.AnnotationsAttributes" name="testcase3" time="0.002"/>
  <system-out/>
  <testcase classname="TestNG.TestNG.AnnotationsAttributes" name="testcase2" time="0.008"/>
  <system-out/>
  <testcase classname="TestNG.TestNG.AnnotationsAttributes" name="testcase1">
    <skipped/>
  </testcase> <!-- testcase1 -->
  <system-out/>
</testsuite> <!-- TestNG.TestNG.AnnotationsAttributes -->
