<?xml version="1.0" encoding="UTF-8"?>
<!-- Generated by org.testng.reporters.JUnitReportReporter -->
<testsuite hostname="LAPTOP-AJK53DAC" failures="0" tests="1" name="TestNG.TestNG.AssertDemo" time="35.673" errors="0" timestamp="2024-03-05T15:34:44 IST" skipped="0">
  <testcase classname="TestNG.TestNG.AssertDemo" name="TestMethod" time="35.673"/>
  <system-out/>
</testsuite> <!-- TestNG.TestNG.AssertDemo -->
