<?xml version="1.0" encoding="UTF-8"?>
<!-- Generated by org.testng.reporters.JUnitReportReporter -->
<testsuite hostname="LAPTOP-AJK53DAC" failures="0" tests="1" name="TestNG.TestNG.SoftwareClass" time="0.007" errors="0" timestamp="2024-02-09T21:46:31 IST" skipped="0">
  <testcase classname="TestNG.TestNG.SoftwareClass" name="testCase1" time="0.007"/>
  <system-out/>
</testsuite> <!-- TestNG.TestNG.SoftwareClass -->
