<?xml version="1.0" encoding="UTF-8"?>
<!-- Generated by org.testng.reporters.JUnitReportReporter -->
<testsuite hostname="LAPTOP-AJK53DAC" failures="0" tests="1" name="TestNGReportsDemo.TestNGReportsEx2" time="8.701" errors="0" timestamp="2024-02-22T23:27:04 IST" skipped="0">
  <testcase classname="TestNGReportsDemo.TestNGReportsEx2" name="googleSearch" time="8.701"/>
  <system-out>
    <![CDATA[Chrome Browser Opened
google URL Opened
India gate keyword Entered
enter key pressed
 Browser closed]]>
  </system-out>
</testsuite> <!-- TestNGReportsDemo.TestNGReportsEx2 -->
