<?xml version="1.0" encoding="UTF-8"?>
<!-- Generated by org.testng.reporters.JUnitReportReporter -->
<testsuite hostname="LAPTOP-AJK53DAC" failures="0" tests="3" name="TestNG.TestNG.TestNGParameterDemo" time="0.016" errors="0" timestamp="2024-02-09T20:09:20 IST" skipped="0">
  <testcase classname="TestNG.TestNG.TestNGParameterDemo" name="add" time="0.010"/>
  <system-out/>
  <testcase classname="TestNG.TestNG.TestNGParameterDemo" name="multiply" time="0.003"/>
  <system-out/>
  <testcase classname="TestNG.TestNG.TestNGParameterDemo" name="substract" time="0.003"/>
  <system-out/>
</testsuite> <!-- TestNG.TestNG.TestNGParameterDemo -->
