<?xml version="1.0" encoding="UTF-8"?>
<!-- Generated by org.testng.reporters.JUnitReportReporter -->
<testsuite hostname="LAPTOP-AJK53DAC" failures="0" tests="3" name="BatchTesting.HomeScreenTest" time="0.014" errors="0" timestamp="2024-02-16T16:48:55 IST" skipped="0">
  <testcase classname="BatchTesting.HomeScreenTest" name="VerifyTitle" time="0.002"/>
  <system-out/>
  <testcase classname="BatchTesting.HomeScreenTest" name="VerifyLogo" time="0.002"/>
  <system-out/>
  <testcase classname="BatchTesting.HomeScreenTest" name="LaunchApplication" time="0.010"/>
  <system-out/>
</testsuite> <!-- BatchTesting.HomeScreenTest -->
