<?xml version="1.0" encoding="UTF-8"?>
<!-- Generated by org.testng.reporters.JUnitReportReporter -->
<testsuite hostname="LAPTOP-AJK53DAC" failures="0" tests="2" name="TestNG.TestNG.CurrentAcTestClass1" time="0.007" errors="0" timestamp="2024-02-09T15:44:40 IST" skipped="0">
  <testcase classname="TestNG.TestNG.CurrentAcTestClass1" name="Test1" time="0.003"/>
  <system-out/>
  <testcase classname="TestNG.TestNG.CurrentAcTestClass1" name="Test2" time="0.004"/>
  <system-out/>
</testsuite> <!-- TestNG.TestNG.CurrentAcTestClass1 -->
