<?xml version="1.0" encoding="UTF-8"?>
<!-- Generated by org.testng.reporters.JUnitReportReporter -->
<testsuite hostname="LAPTOP-AJK53DAC" failures="0" tests="2" name="BatchTesting.PaymentTest" time="0.021" errors="0" timestamp="2024-02-16T16:48:55 IST" skipped="0">
  <testcase classname="BatchTesting.PaymentTest" name="NetBanking" time="0.019"/>
  <system-out/>
  <testcase classname="BatchTesting.PaymentTest" name="CashOnDelivery" time="0.002"/>
  <system-out/>
</testsuite> <!-- BatchTesting.PaymentTest -->
