<?xml version="1.0" encoding="UTF-8"?>
<!-- Generated by org.testng.reporters.JUnitReportReporter -->
<testsuite hostname="LAPTOP-AJK53DAC" failures="0" tests="2" name="TestNG.TestNG.CurrentAcTestClass2" time="0.009" errors="0" timestamp="2024-02-09T15:44:40 IST" skipped="0">
  <testcase classname="TestNG.TestNG.CurrentAcTestClass2" name="Test2" time="0.001"/>
  <system-out/>
  <testcase classname="TestNG.TestNG.CurrentAcTestClass2" name="Test1" time="0.008"/>
  <system-out/>
</testsuite> <!-- TestNG.TestNG.CurrentAcTestClass2 -->
