<?xml version="1.0" encoding="UTF-8"?>
<!-- Generated by org.testng.reporters.JUnitReportReporter -->
<testsuite hostname="LAPTOP-AJK53DAC" failures="0" tests="1" name="TestNG.TestNG.ParallelTestDemo2" time="11.367" errors="0" timestamp="2024-02-10T00:13:03 IST" skipped="0">
  <testcase classname="TestNG.TestNG.ParallelTestDemo2" name="verifyLogin" time="11.367"/>
  <system-out/>
</testsuite> <!-- TestNG.TestNG.ParallelTestDemo2 -->
