<?xml version="1.0" encoding="UTF-8"?>
<!-- Generated by org.testng.reporters.JUnitReportReporter -->
<testsuite hostname="LAPTOP-AJK53DAC" failures="0" tests="4" name="ExcelDataPractice.DataProviderWithExcel" time="60.071" errors="0" timestamp="2024-02-22T20:05:44 IST" skipped="0">
  <testcase classname="ExcelDataPractice.DataProviderWithExcel" name="searchkeyword" time="8.775"/>
  <system-out/>
  <testcase classname="ExcelDataPractice.DataProviderWithExcel" name="searchkeyword" time="36.383"/>
  <system-out/>
  <testcase classname="ExcelDataPractice.DataProviderWithExcel" name="searchkeyword" time="7.782"/>
  <system-out/>
  <testcase classname="ExcelDataPractice.DataProviderWithExcel" name="searchkeyword" time="7.131"/>
  <system-out/>
</testsuite> <!-- ExcelDataPractice.DataProviderWithExcel -->
