<?xml version="1.0" encoding="UTF-8"?>
<!-- Generated by org.testng.reporters.JUnitReportReporter -->
<testsuite hostname="LAPTOP-AJK53DAC" failures="0" tests="2" name="TestNG.TestNG.LoanDepartment" time="0.012" errors="0" timestamp="2024-02-09T16:19:31 IST" skipped="0">
  <testcase classname="TestNG.TestNG.LoanDepartment" name="MobileLoginAutomobileLoan" time="0.009"/>
  <system-out/>
  <testcase classname="TestNG.TestNG.LoanDepartment" name="MobileLoginPersonalLoan" time="0.003"/>
  <system-out/>
</testsuite> <!-- TestNG.TestNG.LoanDepartment -->
