<?xml version="1.0" encoding="UTF-8"?>
<!-- Generated by org.testng.reporters.JUnitReportReporter -->
<testsuite hostname="LAPTOP-AJK53DAC" failures="0" tests="2" name="TestNG.TestNG.GroupsAttribute" time="0.009" errors="0" timestamp="2024-02-09T19:24:27 IST" skipped="0">
  <testcase classname="TestNG.TestNG.GroupsAttribute" name="Tata" time="0.001"/>
  <system-out/>
  <testcase classname="TestNG.TestNG.GroupsAttribute" name="Maruti" time="0.008"/>
  <system-out/>
</testsuite> <!-- TestNG.TestNG.GroupsAttribute -->
